2019-07-16T13:11:36.525Z - normal: Load ~/.CocosCreator/settings.json
2019-07-16T13:11:37.781Z - normal: Initializing Asset Database
2019-07-16T13:11:37.809Z - normal: checking language setting...
2019-07-16T13:11:37.809Z - normal: Language: zh
2019-07-16T13:11:38.931Z - success: preview server running at http://localhost:7457
2019-07-16T13:11:38.931Z - success: protocol editor-framework registered
2019-07-16T13:11:38.932Z - success: protocol app registered
2019-07-16T13:11:38.932Z - success: protocol theme registered
2019-07-16T13:11:38.932Z - success: protocol packages registered
2019-07-16T13:11:38.932Z - success: protocol uuid registerred
2019-07-16T13:11:38.932Z - success: protocol db registerred
2019-07-16T13:11:38.932Z - success: protocol thumbnail registerred
2019-07-16T13:11:38.932Z - success: protocol unpack registerred
2019-07-16T13:11:38.932Z - success: protocol disable-commonjs registerred
2019-07-16T13:11:39.011Z - normal: connected!
2019-07-16T13:11:39.012Z - normal: Check project G:\Programming\HoldTheFort\learn\complete_project
2019-07-16T13:11:39.015Z - normal: Initializing project G:\Programming\HoldTheFort\learn\complete_project
2019-07-16T13:11:39.676Z - normal: Initializing Cocos2d
2019-07-16T13:11:40.656Z - normal: Initializing engine extends
2019-07-16T13:11:40.692Z - success: asset-db-debugger loaded
2019-07-16T13:11:40.699Z - success: baidu-adapter loaded
2019-07-16T13:11:40.703Z - success: color-picker loaded
2019-07-16T13:11:40.890Z - success: fb-audience-network loaded
2019-07-16T13:11:41.003Z - success: fb-live-stream loaded
2019-07-16T13:11:41.009Z - success: google-play-instant loaded
2019-07-16T13:11:41.017Z - success: huawei-runtime loaded
2019-07-16T13:11:41.399Z - success: cpk-publish loaded
2019-07-16T13:11:41.400Z - success: jsb-adapter loaded
2019-07-16T13:11:41.407Z - success: oppo-runtime loaded
2019-07-16T13:11:41.411Z - success: package-manager loaded
2019-07-16T13:11:41.595Z - success: qqplay-adapter loaded
2019-07-16T13:11:41.597Z - success: runtime-dev-tools loaded
2019-07-16T13:11:41.603Z - success: sdkbox loaded
2019-07-16T13:11:41.608Z - success: tester loaded
2019-07-16T13:11:41.611Z - success: ui-grid loaded
2019-07-16T13:11:41.614Z - success: ui-kit-preview-extra loaded
2019-07-16T13:11:41.616Z - success: ui-kit-preview loaded
2019-07-16T13:11:41.618Z - success: ui-kit loaded
2019-07-16T13:11:41.621Z - success: ui-tree loaded
2019-07-16T13:11:41.634Z - success: vivo-runtime loaded
2019-07-16T13:11:41.635Z - success: weapp-adapter loaded
2019-07-16T13:11:41.635Z - success: xiaomi-adapter loaded
2019-07-16T13:11:41.696Z - success: assets loaded
2019-07-16T13:11:41.699Z - success: builder loaded
2019-07-16T13:11:42.131Z - success: cocos-services loaded
2019-07-16T13:11:42.137Z - success: console loaded
2019-07-16T13:11:42.185Z - success: fb-instant-games loaded
2019-07-16T13:11:42.187Z - success: google-instant-games loaded
2019-07-16T13:11:42.193Z - success: hierarchy loaded
2019-07-16T13:11:42.197Z - success: inspector loaded
2019-07-16T13:11:42.199Z - success: keystore loaded
2019-07-16T13:11:42.208Z - success: node-library loaded
2019-07-16T13:11:42.211Z - success: package-asset loaded
2019-07-16T13:11:42.214Z - success: preferences loaded
2019-07-16T13:11:42.216Z - success: project-exporter loaded
2019-07-16T13:11:42.218Z - success: project-importer loaded
2019-07-16T13:11:42.221Z - success: project-settings loaded
2019-07-16T13:11:42.229Z - success: scene loaded
2019-07-16T13:11:42.231Z - success: simulator-debugger loaded
2019-07-16T13:11:42.233Z - success: sprite-editor loaded
2019-07-16T13:11:42.238Z - success: store loaded
2019-07-16T13:11:42.243Z - success: timeline loaded
2019-07-16T13:11:42.252Z - success: xiaomi-runtime loaded
2019-07-16T13:11:43.531Z - info: Cocos Services load base data!
2019-07-16T13:11:43.881Z - normal: Loading packages
2019-07-16T13:11:43.888Z - normal: Watching packages
2019-07-16T13:11:44.814Z - normal: Run Application
2019-07-16T14:24:06.230Z - error: Failed to remove menu in path: 开发者/AssetDB Debugger (could not be found)
    at a.remove (F:\Programming environment\Cocos\CocosCreator\resources\app.asar\editor-framework\lib\main\menu.js:1:2693)
    at Object.e.remove (F:\Programming environment\Cocos\CocosCreator\resources\app.asar\editor-framework\lib\main\main-menu.js:1:4106)
    at r.series.n (F:\Programming environment\Cocos\CocosCreator\resources\app.asar\editor-framework\lib\main\package.js:1:4807)
    at F:\Programming environment\Cocos\CocosCreator\resources\app.asar\node_modules\async\lib\async.js:718:13
    at Immediate.iterate (F:\Programming environment\Cocos\CocosCreator\resources\app.asar\node_modules\async\lib\async.js:262:13)
    at runCallback (timers.js:672:20)
    at tryOnImmediate (timers.js:645:5)
    at processImmediate [as _immediateCallback] (timers.js:617:5)
2019-07-16T14:24:06.232Z - success: asset-db-debugger unloaded
2019-07-16T14:24:06.233Z - success: baidu-adapter unloaded
2019-07-16T14:24:06.234Z - success: color-picker unloaded
2019-07-16T14:24:06.234Z - success: fb-audience-network unloaded
2019-07-16T14:24:06.248Z - success: asset-db-debugger loaded
2019-07-16T14:24:06.248Z - success: baidu-adapter loaded
2019-07-16T14:24:06.248Z - success: color-picker loaded
2019-07-16T14:24:06.248Z - success: fb-audience-network loaded
2019-07-16T14:24:06.394Z - success: fb-live-stream unloaded
2019-07-16T14:24:06.396Z - success: fb-live-stream loaded
2019-07-16T14:24:06.541Z - success: huawei-runtime unloaded
2019-07-16T14:24:06.542Z - success: cpk-publish unloaded
2019-07-16T14:24:06.544Z - success: huawei-runtime loaded
2019-07-16T14:24:06.544Z - success: cpk-publish loaded
2019-07-16T14:24:06.640Z - success: cpk-publish unloaded
2019-07-16T14:24:06.641Z - success: cpk-publish loaded
2019-07-16T14:24:06.901Z - success: oppo-runtime unloaded
2019-07-16T14:24:06.902Z - success: qqplay-adapter unloaded
2019-07-16T14:24:06.944Z - success: oppo-runtime loaded
2019-07-16T14:24:06.945Z - success: qqplay-adapter loaded
2019-07-16T14:24:07.120Z - success: runtime-dev-tools unloaded
2019-07-16T14:24:07.124Z - success: sdkbox unloaded
2019-07-16T14:24:07.126Z - error: Failed to remove menu in path: 开发者/UI Preview/ui-grid (could not be found)
    at a.remove (F:\Programming environment\Cocos\CocosCreator\resources\app.asar\editor-framework\lib\main\menu.js:1:2693)
    at Object.e.remove (F:\Programming environment\Cocos\CocosCreator\resources\app.asar\editor-framework\lib\main\main-menu.js:1:4106)
    at r.series.n (F:\Programming environment\Cocos\CocosCreator\resources\app.asar\editor-framework\lib\main\package.js:1:4807)
    at F:\Programming environment\Cocos\CocosCreator\resources\app.asar\node_modules\async\lib\async.js:718:13
    at Immediate.iterate (F:\Programming environment\Cocos\CocosCreator\resources\app.asar\node_modules\async\lib\async.js:262:13)
    at runCallback (timers.js:672:20)
    at tryOnImmediate (timers.js:645:5)
    at processImmediate [as _immediateCallback] (timers.js:617:5)
2019-07-16T14:24:07.128Z - error: Failed to remove menu in path: 开发者/UI Preview/ui-grid-webview (could not be found)
    at a.remove (F:\Programming environment\Cocos\CocosCreator\resources\app.asar\editor-framework\lib\main\menu.js:1:2693)
    at Object.e.remove (F:\Programming environment\Cocos\CocosCreator\resources\app.asar\editor-framework\lib\main\main-menu.js:1:4106)
    at r.series.n (F:\Programming environment\Cocos\CocosCreator\resources\app.asar\editor-framework\lib\main\package.js:1:4807)
    at F:\Programming environment\Cocos\CocosCreator\resources\app.asar\node_modules\async\lib\async.js:718:13
    at Immediate.iterate (F:\Programming environment\Cocos\CocosCreator\resources\app.asar\node_modules\async\lib\async.js:262:13)
    at runCallback (timers.js:672:20)
    at tryOnImmediate (timers.js:645:5)
    at processImmediate [as _immediateCallback] (timers.js:617:5)
2019-07-16T14:24:07.129Z - success: ui-grid unloaded
2019-07-16T14:24:07.134Z - success: ui-kit-preview-extra unloaded
2019-07-16T14:24:07.137Z - success: ui-kit-preview unloaded
2019-07-16T14:24:07.144Z - success: ui-kit unloaded
2019-07-16T14:24:07.146Z - error: Failed to remove menu in path: 开发者/UI Preview/ui-tree (could not be found)
    at a.remove (F:\Programming environment\Cocos\CocosCreator\resources\app.asar\editor-framework\lib\main\menu.js:1:2693)
    at Object.e.remove (F:\Programming environment\Cocos\CocosCreator\resources\app.asar\editor-framework\lib\main\main-menu.js:1:4106)
    at r.series.n (F:\Programming environment\Cocos\CocosCreator\resources\app.asar\editor-framework\lib\main\package.js:1:4807)
    at F:\Programming environment\Cocos\CocosCreator\resources\app.asar\node_modules\async\lib\async.js:718:13
    at Immediate.iterate (F:\Programming environment\Cocos\CocosCreator\resources\app.asar\node_modules\async\lib\async.js:262:13)
    at runCallback (timers.js:672:20)
    at tryOnImmediate (timers.js:645:5)
    at processImmediate [as _immediateCallback] (timers.js:617:5)
2019-07-16T14:24:07.146Z - success: ui-tree unloaded
2019-07-16T14:24:07.146Z - success: vivo-runtime unloaded
2019-07-16T14:24:07.147Z - success: weapp-adapter unloaded
2019-07-16T14:24:07.147Z - success: xiaomi-adapter unloaded
2019-07-16T14:24:07.179Z - success: runtime-dev-tools loaded
2019-07-16T14:24:07.179Z - success: sdkbox loaded
2019-07-16T14:24:07.179Z - success: ui-grid loaded
2019-07-16T14:24:07.179Z - success: ui-kit-preview-extra loaded
2019-07-16T14:24:07.179Z - success: ui-kit-preview loaded
2019-07-16T14:24:07.180Z - success: ui-kit loaded
2019-07-16T14:24:07.180Z - success: ui-tree loaded
2019-07-16T14:24:07.180Z - success: vivo-runtime loaded
2019-07-16T14:24:07.180Z - success: weapp-adapter loaded
2019-07-16T14:24:07.180Z - success: xiaomi-adapter loaded
2019-07-16T14:25:14.565Z - info: shutdown preview server
